<?xml version="1.0" encoding="UTF-8"?>
<testsuite xmlns:xsi="http://www.w3.org/2001/XMLSchema-instance" xsi:noNamespaceSchemaLocation="https://maven.apache.org/surefire/maven-surefire-plugin/xsd/surefire-test-report-3.0.xsd" version="3.0" name="TestSuite" time="31.823" tests="2" errors="0" skipped="0" failures="0">
  <properties>
[...]
</properties>
  <testcase name="emptyInputsLogin" classname="tests.LoginTests" time="3.948">
    <system-out><![CDATA[&amp#27;[35m[Appium]&amp#27;[39m Welcome to Appium v1.21.0
&amp#27;[35m[Appium]&amp#27;[39m Appium REST http interface listener started on 0.0.0.0:4723
&amp#27;[35m[HTTP]&amp#27;[39m &amp#27;[37m-->&amp#27;[39m &amp#27;[37mGET&amp#27;[39m &amp#27;[37m/wd/hub/status&amp#27;[39m
&amp#27;[35m[HTTP]&amp#27;[39m &amp#27;[90m{}&amp#27;[39m
[debug] &amp#27;[35m[GENERIC]&amp#27;[39m Calling AppiumDriver.getStatus() with args: []
[debug] &amp#27;[35m[GENERIC]&amp#27;[39m Responding to client with driver.getStatus() result: {"build":{"version":"1.21.0"}}
&amp#27;[35m[HTTP]&amp#27;[39m &amp#27;[37m<-- GET /wd/hub/status &amp#27;[39m&amp#27;[32m200&amp#27;[39m &amp#27;[90m9 ms - 68&amp#27;[39m
&amp#27;[35m[HTTP]&amp#27;[39m &amp#27;[90m&amp#27;[39m
Appium server started
2022-03-23-15-36-49
[INFO ] 2022-03-23 15:36:49.720 com.qa.BaseTest:146 - app http://0.0.0.0:4723/wd/hub
Super before method
login test before method
[INFO ] 2022-03-23 15:37:06.517 tests.LoginTests:62 - 
******  starting test :emptyInputsLogin  ********

[INFO ] 2022-03-23 15:37:07.360 com.qa.pages.LoginPage:47 - press second button
[INFO ] 2022-03-23 15:37:10.291 com.qa.pages.LoginPage:59 - error text is - Fill all required fields
actual err txt -: Fill all required fields
expected err txt -: Fill all required fields
]]></system-out>
    <system-err><![CDATA[SLF4J: Failed to load class "org.slf4j.impl.StaticLoggerBinder".
SLF4J: Defaulting to no-operation (NOP) logger implementation
SLF4J: See http://www.slf4j.org/codes.html#StaticLoggerBinder for further details.
Mar 23, 2022 3:37:05 PM io.appium.java_client.remote.AppiumCommandExecutor$1 lambda$0
INFO: Detected dialect: W3C
]]></system-err>
  </testcase>
  <testcase name="successLogin" classname="tests.LoginTests" time="2.319">
    <system-out><![CDATA[login test after method
Super after method
Super before method
login test before method
[INFO ] 2022-03-23 15:37:12.640 tests.LoginTests:62 - 
******  starting test :successLogin  ********

[INFO ] 2022-03-23 15:37:13.112 com.qa.pages.LoginPage:36 - login with romany1@gmail.com
[INFO ] 2022-03-23 15:37:13.440 com.qa.pages.LoginPage:42 - password is 11111123
[INFO ] 2022-03-23 15:37:14.180 com.qa.pages.LoginPage:47 - press second button
]]></system-out>
  </testcase>
</testsuite>